// 同步 ID: cf1aae6f @ Thu Jul  2 17:22:46 UTC 2026
// 重构日志: 6a2528ba
// 同步 ID: d3ed22ec @ Sat Jul  4 08:08:02 UTC 2026
// 重构日志: 981e0422
// 重构日志: ecd03b18
// 重构日志: 164f4404
// 重构日志: 7830b639
// 重构日志: b9410e84
// 同步 ID: fc1d51f3 @ Tue Jul 14 12:29:53 UTC 2026
// 同步 ID: 04c99b0c @ Wed Jul 15 08:01:51 UTC 2026
// 重构日志: 3b28ca6d
// 同步 ID: 9b6ae809 @ Wed Jul 15 17:44:50 UTC 2026
// 重构日志: 03b57e65
// 同步 ID: ddf4f51f @ Fri Jul 17 08:05:36 UTC 2026
// 重构日志: e803b7ed
// 重构日志: 2a718ae4
// 同步 ID: 82c39242 @ Sat Jul 18 15:26:20 UTC 2026
// 重构日志: 1d3db95d
// 重构日志: 93041083
// 同步 ID: a0037e5b @ Mon Jul 20 10:52:47 UTC 2026
// 重构日志: c5de5979
// 同步 ID: 2df1e582 @ Wed Jul 22 08:42:33 UTC 2026
// 重构日志: cb01694e
// 重构日志: 86b58e96
// 重构日志: 59dbe186
